Build started 2017-11-27 20:28:16.
     1>Project "D:\Dropbox\Programowanie\C\AirQuality\libusb-master\msvc\libusb_dll_2013.vcxproj" on node 2 (Build target(s)).
     1>ClCompile:
         C:\Program Files (x86)\Microsoft Visual Studio 12.0\VC\bin\CL.exe /c /I. /I..\libusb /Zi /nologo /W4 /WX- /Od /Oy- /D _WIN32 /D _DEBUG /D _LIB /D _CRT_SECURE_NO_WARNINGS /D _WINDLL /D _UNICODE /D UNICODE /Gm- /EHsc /MDd /GS /fp:precise /Zc:wchar_t /Zc:forScope /Fo"D:\Dropbox\Programowanie\C\AirQuality\libusb-master\msvc\..\Win32\Debug\dll\libusb-1.0\\" /Fd"D:\Dropbox\Programowanie\C\AirQuality\libusb-master\msvc\..\Win32\Debug\dll\libusb-1.0\vc120.pdb" /Gd /TC /analyze- /errorReport:prompt ..\libusb\core.c ..\libusb\descriptor.c ..\libusb\hotplug.c ..\libusb\io.c ..\libusb\os\poll_windows.c ..\libusb\strerror.c ..\libusb\sync.c ..\libusb\os\threads_windows.c ..\libusb\os\windows_nt_common.c ..\libusb\os\windows_winusb.c
         core.c
         descriptor.c
         hotplug.c
         io.c
         poll_windows.c
         strerror.c
         sync.c
         threads_windows.c
         windows_nt_common.c
         windows_winusb.c
         Generating Code...
       ResourceCompile:
         C:\Program Files (x86)\Windows Kits\8.1\bin\x86\rc.exe /D _UNICODE /D UNICODE /l"0x0409" /nologo /fo"D:\Dropbox\Programowanie\C\AirQuality\libusb-master\msvc\..\Win32\Debug\dll\libusb-1.0\libusb-1.0.res" ..\libusb\libusb-1.0.rc 
     1>C:\Program Files (x86)\MSBuild\Microsoft.Cpp\v4.0\V120\Microsoft.CppCommon.targets(1267,5): error MSB6006: "rc.exe" exited with code -1073741502.
     1>Done Building Project "D:\Dropbox\Programowanie\C\AirQuality\libusb-master\msvc\libusb_dll_2013.vcxproj" (Build target(s)) -- FAILED.

Build FAILED.

Time Elapsed 00:00:06.32
